[35m[Appium][39m Welcome to Appium v1.22.3
[35m[Appium][39m Non-default server args:
[35m[Appium][39m   port: 52147
[35m[Appium][39m   loglevel: info
[35m[Appium][39m   tmpDir: C:\Users\MUSLIMA\AppData\Local\Temp\\Katalon\Appium\Temp1679128922589
[35m[Appium][39m   chromedriverPort: 52148
[35m[Appium][39m Deprecated server args:
[35m[Appium][39m   [31m--chromedriver-port[39m => --default-capabilities
[35m[Appium][39m Default capabilities, which will be added to each request unless overridden by desired capabilities:
[35m[Appium][39m   chromedriverPort: 52148
[35m[Appium][39m Appium REST http interface listener started on 0.0.0.0:52147
[35m[HTTP][39m [37m-->[39m [37mGET[39m [37m/wd/hub/status[39m
[35m[HTTP][39m [90m{}[39m
[35m[HTTP][39m [37m<-- GET /wd/hub/status [39m[32m200[39m [90m19 ms - 68[39m
[35m[HTTP][39m [90m[39m
[35m[HTTP][39m [37m-->[39m [37mGET[39m [37m/wd/hub/status[39m
[35m[HTTP][39m [90m{}[39m
[35m[HTTP][39m [37m<-- GET /wd/hub/status [39m[32m200[39m [90m2 ms - 68[39m
[35m[HTTP][39m [90m[39m
[35m[HTTP][39m [37m-->[39m [37mPOST[39m [37m/wd/hub/session[39m
[35m[HTTP][39m [90m{"desiredCapabilities":{"appPackage":"com.android.settings","uiautomator2ServerInstallTimeout":"60000","deviceId":"","deviceName":"samsung SM-A715F (Android 13)","platform":"ANDROID","appActivity":".Settings","newCommandTimeout":1800,"platformVersion":"13","automationName":"uiautomator2","autoGrantPermissions":true,"platformName":"Android","udid":"RR8N60ANFRV","systemPort":8250},"capabilities":{"firstMatch":[{"appium:appActivity":".Settings","appium:appPackage":"com.android.settings","appium:autoGrantPermissions":true,"appium:automationName":"uiautomator2","deviceId":"","appium:deviceName":"samsung SM-A715F (Android 13)","appium:newCommandTimeout":1800,"platform":"ANDROID","platformName":"android","appium:platformVersion":"13","appium:systemPort":8250,"appium:udid":"RR8N60ANFRV","uiautomator2ServerInstallTimeout":"60000"}]}}[39m
[35m[BaseDriver][39m The following capabilities are not standard capabilities and should have an extension prefix:
[35m[BaseDriver][39m   deviceId
[35m[BaseDriver][39m   platform
[35m[BaseDriver][39m   uiautomator2ServerInstallTimeout
[35m[BaseDriver][39m   chromedriverPort
[35m[Appium][39m Appium v1.22.3 creating new AndroidUiautomator2Driver (v1.70.1) session
[35m[BaseDriver][39m Number capability passed in as string. Functionality may be compromised.
[35m[BaseDriver][39m Capability 'uiautomator2ServerInstallTimeout' changed from string ('60000') to integer (60000). This may cause unexpected behavior
[35m[BaseDriver][39m The following capabilities were provided, but are not recognized by Appium:
[35m[BaseDriver][39m   deviceId
[35m[BaseDriver][39m   platform
[35m[BaseDriver][39m Session created with session id: e6006210-51b4-44d8-84e0-a28780f7d0e9
[35m[UiAutomator2][39m Starting 'com.android.settings' directly on the device
[35m[ADB][39m Found 1 'build-tools' folders under 'C:\Users\MUSLIMA\.katalon\tools\android_sdk' (newest first):
[35m[ADB][39m     C:/Users/MUSLIMA/.katalon/tools/android_sdk/build-tools/29.0.3
[35m[ADB][39m Using 'adb.exe' from 'C:\Users\MUSLIMA\.katalon\tools\android_sdk\platform-tools\adb.exe'
[35m[AndroidDriver][39m Retrieving device list
[35m[AndroidDriver][39m Using device: RR8N60ANFRV
[35m[ADB][39m Using 'adb.exe' from 'C:\Users\MUSLIMA\.katalon\tools\android_sdk\platform-tools\adb.exe'
[35m[ADB][39m Getting device platform version
[35m[UiAutomator2][39m Relaxing hidden api policy
[35m[AndroidDriver][39m No app sent in, not parsing package/activity
[35m[ADB][39m Using 'apksigner.jar' from 'C:\Users\MUSLIMA\.katalon\tools\android_sdk\build-tools\29.0.3\lib\apksigner.jar'
[35m[ADB][39m 'C:\Users\MUSLIMA\AppData\Roaming\npm\node_modules\appium\node_modules\appium-uiautomator2-server\apks\appium-uiautomator2-server-v4.27.0.apk' is signed with the default certificate
[35m[ADB][39m 'C:\Users\MUSLIMA\AppData\Roaming\npm\node_modules\appium\node_modules\appium-uiautomator2-server\apks\appium-uiautomator2-server-debug-androidTest.apk' is signed with the default certificate
[35m[UiAutomator2][39m Server packages are not going to be (re)installed
[35m[ADB][39m Adding packages ["io.appium.settings","io.appium.uiautomator2.server","io.appium.uiautomator2.server.test"] to Doze whitelist
[35m[UiAutomator2][39m Starting UIAutomator2 server 4.27.0
[35m[UiAutomator2][39m Using UIAutomator2 server from 'C:\Users\MUSLIMA\AppData\Roaming\npm\node_modules\appium\node_modules\appium-uiautomator2-server\apks\appium-uiautomator2-server-v4.27.0.apk' and test from 'C:\Users\MUSLIMA\AppData\Roaming\npm\node_modules\appium\node_modules\appium-uiautomator2-server\apks\appium-uiautomator2-server-debug-androidTest.apk'
[35m[UiAutomator2][39m Waiting up to 30000ms for UiAutomator2 to be online...
[35m[WD Proxy][39m socket hang up
[35m[WD Proxy][39m socket hang up
[35m[WD Proxy][39m socket hang up
[35m[WD Proxy][39m Determined the downstream protocol as 'W3C'
[35m[AndroidDriver][39m Screen already unlocked, doing nothing
[35m[UiAutomator2][39m Starting 'com.android.settings/.Settings and waiting for 'com.android.settings/.Settings'
[35m[Appium][39m New AndroidUiautomator2Driver session created successfully, session e6006210-51b4-44d8-84e0-a28780f7d0e9 added to master session list
[35m[HTTP][39m [37m<-- POST /wd/hub/session [39m[32m200[39m [90m13348 ms - 1268[39m
[35m[HTTP][39m [90m[39m
[35m[HTTP][39m [37m-->[39m [37mGET[39m [37m/wd/hub/session/e6006210-51b4-44d8-84e0-a28780f7d0e9[39m
[35m[HTTP][39m [90m{}[39m
[35m[HTTP][39m [37m<-- GET /wd/hub/session/e6006210-51b4-44d8-84e0-a28780f7d0e9 [39m[32m200[39m [90m22 ms - 1222[39m
[35m[HTTP][39m [90m[39m
[35m[HTTP][39m [37m-->[39m [37mGET[39m [37m/wd/hub/session/e6006210-51b4-44d8-84e0-a28780f7d0e9[39m
[35m[HTTP][39m [90m{}[39m
[35m[HTTP][39m [37m<-- GET /wd/hub/session/e6006210-51b4-44d8-84e0-a28780f7d0e9 [39m[32m200[39m [90m14 ms - 1222[39m
[35m[HTTP][39m [90m[39m
[35m[HTTP][39m [37m-->[39m [37mGET[39m [37m/wd/hub/status[39m
[35m[HTTP][39m [90m{}[39m
[35m[HTTP][39m [37m<-- GET /wd/hub/status [39m[32m200[39m [90m1 ms - 68[39m
[35m[HTTP][39m [90m[39m
[35m[HTTP][39m [37m-->[39m [37mPOST[39m [37m/wd/hub/session/e6006210-51b4-44d8-84e0-a28780f7d0e9/timeouts[39m
[35m[HTTP][39m [90m{"implicit":60000}[39m
[35m[HTTP][39m [37m<-- POST /wd/hub/session/e6006210-51b4-44d8-84e0-a28780f7d0e9/timeouts [39m[32m200[39m [90m4 ms - 14[39m
[35m[HTTP][39m [90m[39m
[35m[HTTP][39m [37m-->[39m [37mGET[39m [37m/wd/hub/session/e6006210-51b4-44d8-84e0-a28780f7d0e9/screenshot[39m
[35m[HTTP][39m [90m{}[39m
[35m[HTTP][39m [37m<-- GET /wd/hub/session/e6006210-51b4-44d8-84e0-a28780f7d0e9/screenshot [39m[32m200[39m [90m490 ms - 246690[39m
[35m[HTTP][39m [90m[39m
[35m[HTTP][39m [37m-->[39m [37mGET[39m [37m/wd/hub/session/e6006210-51b4-44d8-84e0-a28780f7d0e9/window/rect[39m
[35m[HTTP][39m [90m{}[39m
[35m[HTTP][39m [37m<-- GET /wd/hub/session/e6006210-51b4-44d8-84e0-a28780f7d0e9/window/rect [39m[32m200[39m [90m45 ms - 50[39m
[35m[HTTP][39m [90m[39m
[35m[HTTP][39m [37m-->[39m [37mGET[39m [37m/wd/hub/session/e6006210-51b4-44d8-84e0-a28780f7d0e9/appium/device/system_bars[39m
[35m[HTTP][39m [90m{}[39m
[35m[HTTP][39m [37m<-- GET /wd/hub/session/e6006210-51b4-44d8-84e0-a28780f7d0e9/appium/device/system_bars [39m[32m200[39m [90m196 ms - 145[39m
[35m[HTTP][39m [90m[39m
[35m[HTTP][39m [37m-->[39m [37mPOST[39m [37m/wd/hub/session/e6006210-51b4-44d8-84e0-a28780f7d0e9/appium/device/activate_app[39m
[35m[HTTP][39m [90m{"bundleId":"com.saucelabs.mydemoapp.rn"}[39m
[35m[HTTP][39m [37m<-- POST /wd/hub/session/e6006210-51b4-44d8-84e0-a28780f7d0e9/appium/device/activate_app [39m[32m200[39m [90m501 ms - 14[39m
[35m[HTTP][39m [90m[39m
[35m[HTTP][39m [37m-->[39m [37mGET[39m [37m/wd/hub/session/e6006210-51b4-44d8-84e0-a28780f7d0e9/source[39m
[35m[HTTP][39m [90m{}[39m
[35m[W3C (e6006210)][39m Driver proxy active, passing request on via HTTP proxy
[35m[WD Proxy][39m Replacing sessionId 43238f29-3c31-44ef-a313-20d8eac606ac with e6006210-51b4-44d8-84e0-a28780f7d0e9
[35m[HTTP][39m [37m<-- GET /wd/hub/session/e6006210-51b4-44d8-84e0-a28780f7d0e9/source [39m[32m200[39m [90m951 ms - 54043[39m
[35m[HTTP][39m [90m[39m
[35m[HTTP][39m [37m-->[39m [37mGET[39m [37m/wd/hub/session/e6006210-51b4-44d8-84e0-a28780f7d0e9/screenshot[39m
[35m[HTTP][39m [90m{}[39m
[35m[HTTP][39m [37m<-- GET /wd/hub/session/e6006210-51b4-44d8-84e0-a28780f7d0e9/screenshot [39m[32m200[39m [90m1317 ms - 1865764[39m
[35m[HTTP][39m [90m[39m
[35m[HTTP][39m [37m-->[39m [37mPOST[39m [37m/wd/hub/session/e6006210-51b4-44d8-84e0-a28780f7d0e9/elements[39m
[35m[HTTP][39m [90m{"using":"xpath","value":"//*[@class = 'android.widget.ImageView' and (@text = '' or . = '')]"}[39m
[35m[HTTP][39m [37m<-- POST /wd/hub/session/e6006210-51b4-44d8-84e0-a28780f7d0e9/elements [39m[32m200[39m [90m638 ms - 1291[39m
[35m[HTTP][39m [90m[39m
[35m[HTTP][39m [37m-->[39m [37mPOST[39m [37m/wd/hub/session/e6006210-51b4-44d8-84e0-a28780f7d0e9/elements[39m
[35m[HTTP][39m [90m{"using":"-android uiautomator","value":"new UiSelector().className(\"android.widget.ImageView\")"}[39m
[35m[HTTP][39m [37m<-- POST /wd/hub/session/e6006210-51b4-44d8-84e0-a28780f7d0e9/elements [39m[32m200[39m [90m237 ms - 1291[39m
[35m[HTTP][39m [90m[39m
[35m[HTTP][39m [37m-->[39m [37mGET[39m [37m/wd/hub/session/e6006210-51b4-44d8-84e0-a28780f7d0e9/window/rect[39m
[35m[HTTP][39m [90m{}[39m
[35m[HTTP][39m [37m<-- GET /wd/hub/session/e6006210-51b4-44d8-84e0-a28780f7d0e9/window/rect [39m[32m200[39m [90m20 ms - 50[39m
[35m[HTTP][39m [90m[39m
[35m[HTTP][39m [37m-->[39m [37mPOST[39m [37m/wd/hub/session/e6006210-51b4-44d8-84e0-a28780f7d0e9/elements[39m
[35m[HTTP][39m [90m{"using":"xpath","value":"//hierarchy/android.widget.FrameLayout[1]/android.widget.LinearLayout[1]/android.widget.FrameLayout[1]/android.widget.LinearLayout[1]/android.widget.FrameLayout[1]/android.widget.FrameLayout[1]/android.view.ViewGroup[1]/android.view.ViewGroup[1]/android.view.ViewGroup[1]/android.view.ViewGroup[1]/android.view.ViewGroup[1]/android.view.ViewGroup[1]/android.widget.FrameLayout[1]/android.view.ViewGroup[1]/android.view.ViewGroup[1]/android.view.ViewGroup[1]/android.view.ViewGroup[1]/android.view.ViewGroup[1]/android.widget.FrameLayout[1]/android.view.ViewGroup[1]/android.view.ViewGroup[1]/android.view.ViewGroup[1]/android.view.ViewGroup[1]/android.view.ViewGroup[1]/android.view.ViewGroup[1]/android.view.ViewGroup[1]/android.view.ViewGroup[1]/android.view.ViewGroup[1]/android.widget.ImageView[1]"}[39m
[35m[HTTP][39m [37m<-- POST /wd/hub/session/e6006210-51b4-44d8-84e0-a28780f7d0e9/elements [39m[32m200[39m [90m305 ms - 139[39m
[35m[HTTP][39m [90m[39m
[35m[HTTP][39m [37m-->[39m [37mGET[39m [37m/wd/hub/session/e6006210-51b4-44d8-84e0-a28780f7d0e9/element/00000000-0000-0097-ffff-ffff00000023/location[39m
[35m[HTTP][39m [90m{}[39m
[35m[W3C (e6006210)][39m Driver proxy active, passing request on via HTTP proxy
[35m[WD Proxy][39m Replacing sessionId 43238f29-3c31-44ef-a313-20d8eac606ac with e6006210-51b4-44d8-84e0-a28780f7d0e9
[35m[HTTP][39m [37m<-- GET /wd/hub/session/e6006210-51b4-44d8-84e0-a28780f7d0e9/element/00000000-0000-0097-ffff-ffff00000023/location [39m[32m200[39m [90m23 ms - 77[39m
[35m[HTTP][39m [90m[39m
[35m[HTTP][39m [37m-->[39m [37mPOST[39m [37m/wd/hub/session/e6006210-51b4-44d8-84e0-a28780f7d0e9/element/00000000-0000-0097-ffff-ffff00000023/click[39m
[35m[HTTP][39m [90m{"id":"00000000-0000-0097-ffff-ffff00000023"}[39m
[35m[HTTP][39m [37m<-- POST /wd/hub/session/e6006210-51b4-44d8-84e0-a28780f7d0e9/element/00000000-0000-0097-ffff-ffff00000023/click [39m[32m200[39m [90m63 ms - 14[39m
[35m[HTTP][39m [90m[39m
[35m[HTTP][39m [37m-->[39m [37mGET[39m [37m/wd/hub/session/e6006210-51b4-44d8-84e0-a28780f7d0e9/source[39m
[35m[HTTP][39m [90m{}[39m
[35m[W3C (e6006210)][39m Driver proxy active, passing request on via HTTP proxy
[35m[WD Proxy][39m Replacing sessionId 43238f29-3c31-44ef-a313-20d8eac606ac with e6006210-51b4-44d8-84e0-a28780f7d0e9
[35m[HTTP][39m [37m<-- GET /wd/hub/session/e6006210-51b4-44d8-84e0-a28780f7d0e9/source [39m[32m200[39m [90m1181 ms - 67804[39m
[35m[HTTP][39m [90m[39m
[35m[HTTP][39m [37m-->[39m [37mGET[39m [37m/wd/hub/session/e6006210-51b4-44d8-84e0-a28780f7d0e9/screenshot[39m
[35m[HTTP][39m [90m{}[39m
[35m[HTTP][39m [37m<-- GET /wd/hub/session/e6006210-51b4-44d8-84e0-a28780f7d0e9/screenshot [39m[32m200[39m [90m797 ms - 568978[39m
[35m[HTTP][39m [90m[39m
[35m[HTTP][39m [37m-->[39m [37mPOST[39m [37m/wd/hub/session/e6006210-51b4-44d8-84e0-a28780f7d0e9/elements[39m
[35m[HTTP][39m [90m{"using":"xpath","value":"//*[@class = 'android.widget.TextView' and (@text = 'Log Out' or . = 'Log Out')]"}[39m
[35m[HTTP][39m [37m<-- POST /wd/hub/session/e6006210-51b4-44d8-84e0-a28780f7d0e9/elements [39m[32m200[39m [90m481 ms - 139[39m
[35m[HTTP][39m [90m[39m
[35m[HTTP][39m [37m-->[39m [37mGET[39m [37m/wd/hub/session/e6006210-51b4-44d8-84e0-a28780f7d0e9/window/rect[39m
[35m[HTTP][39m [90m{}[39m
[35m[HTTP][39m [37m<-- GET /wd/hub/session/e6006210-51b4-44d8-84e0-a28780f7d0e9/window/rect [39m[32m200[39m [90m12 ms - 50[39m
[35m[HTTP][39m [90m[39m
[35m[HTTP][39m [37m-->[39m [37mPOST[39m [37m/wd/hub/session/e6006210-51b4-44d8-84e0-a28780f7d0e9/elements[39m
[35m[HTTP][39m [90m{"using":"xpath","value":"//*[@class = 'android.widget.TextView' and (@text = 'Log Out' or . = 'Log Out')]"}[39m
[35m[HTTP][39m [37m<-- POST /wd/hub/session/e6006210-51b4-44d8-84e0-a28780f7d0e9/elements [39m[32m200[39m [90m432 ms - 139[39m
[35m[HTTP][39m [90m[39m
[35m[HTTP][39m [37m-->[39m [37mGET[39m [37m/wd/hub/session/e6006210-51b4-44d8-84e0-a28780f7d0e9/element/00000000-0000-0097-ffff-ffff000000a4/location[39m
[35m[HTTP][39m [90m{}[39m
[35m[W3C (e6006210)][39m Driver proxy active, passing request on via HTTP proxy
[35m[WD Proxy][39m Replacing sessionId 43238f29-3c31-44ef-a313-20d8eac606ac with e6006210-51b4-44d8-84e0-a28780f7d0e9
[35m[HTTP][39m [37m<-- GET /wd/hub/session/e6006210-51b4-44d8-84e0-a28780f7d0e9/element/00000000-0000-0097-ffff-ffff000000a4/location [39m[32m200[39m [90m17 ms - 77[39m
[35m[HTTP][39m [90m[39m
[35m[HTTP][39m [37m-->[39m [37mPOST[39m [37m/wd/hub/session/e6006210-51b4-44d8-84e0-a28780f7d0e9/element/00000000-0000-0097-ffff-ffff000000a4/click[39m
[35m[HTTP][39m [90m{"id":"00000000-0000-0097-ffff-ffff000000a4"}[39m
[35m[HTTP][39m [37m<-- POST /wd/hub/session/e6006210-51b4-44d8-84e0-a28780f7d0e9/element/00000000-0000-0097-ffff-ffff000000a4/click [39m[32m200[39m [90m72 ms - 14[39m
[35m[HTTP][39m [90m[39m
[35m[HTTP][39m [37m-->[39m [37mGET[39m [37m/wd/hub/session/e6006210-51b4-44d8-84e0-a28780f7d0e9/source[39m
[35m[HTTP][39m [90m{}[39m
[35m[W3C (e6006210)][39m Driver proxy active, passing request on via HTTP proxy
[35m[WD Proxy][39m Replacing sessionId 43238f29-3c31-44ef-a313-20d8eac606ac with e6006210-51b4-44d8-84e0-a28780f7d0e9
[35m[HTTP][39m [37m<-- GET /wd/hub/session/e6006210-51b4-44d8-84e0-a28780f7d0e9/source [39m[32m200[39m [90m371 ms - 7393[39m
[35m[HTTP][39m [90m[39m
[35m[HTTP][39m [37m-->[39m [37mGET[39m [37m/wd/hub/session/e6006210-51b4-44d8-84e0-a28780f7d0e9/screenshot[39m
[35m[HTTP][39m [90m{}[39m
[35m[HTTP][39m [37m<-- GET /wd/hub/session/e6006210-51b4-44d8-84e0-a28780f7d0e9/screenshot [39m[32m200[39m [90m715 ms - 402584[39m
[35m[HTTP][39m [90m[39m
[35m[HTTP][39m [37m-->[39m [37mPOST[39m [37m/wd/hub/session/e6006210-51b4-44d8-84e0-a28780f7d0e9/elements[39m
[35m[HTTP][39m [90m{"using":"xpath","value":"//*[@class = 'android.widget.Button' and (@text = 'LOG OUT' or . = 'LOG OUT') and @resource-id = 'android:id/button1']"}[39m
[35m[HTTP][39m [37m<-- POST /wd/hub/session/e6006210-51b4-44d8-84e0-a28780f7d0e9/elements [39m[32m200[39m [90m75 ms - 139[39m
[35m[HTTP][39m [90m[39m
[35m[HTTP][39m [37m-->[39m [37mGET[39m [37m/wd/hub/session/e6006210-51b4-44d8-84e0-a28780f7d0e9/window/rect[39m
[35m[HTTP][39m [90m{}[39m
[35m[HTTP][39m [37m<-- GET /wd/hub/session/e6006210-51b4-44d8-84e0-a28780f7d0e9/window/rect [39m[32m200[39m [90m14 ms - 50[39m
[35m[HTTP][39m [90m[39m
[35m[HTTP][39m [37m-->[39m [37mPOST[39m [37m/wd/hub/session/e6006210-51b4-44d8-84e0-a28780f7d0e9/elements[39m
[35m[HTTP][39m [90m{"using":"xpath","value":"//*[@class = 'android.widget.Button' and (@text = 'LOG OUT' or . = 'LOG OUT') and @resource-id = 'android:id/button1']"}[39m
[35m[HTTP][39m [37m<-- POST /wd/hub/session/e6006210-51b4-44d8-84e0-a28780f7d0e9/elements [39m[32m200[39m [90m92 ms - 139[39m
[35m[HTTP][39m [90m[39m
[35m[HTTP][39m [37m-->[39m [37mGET[39m [37m/wd/hub/session/e6006210-51b4-44d8-84e0-a28780f7d0e9/element/00000000-0000-00ad-ffff-ffff00000328/location[39m
[35m[HTTP][39m [90m{}[39m
[35m[W3C (e6006210)][39m Driver proxy active, passing request on via HTTP proxy
[35m[WD Proxy][39m Replacing sessionId 43238f29-3c31-44ef-a313-20d8eac606ac with e6006210-51b4-44d8-84e0-a28780f7d0e9
[35m[HTTP][39m [37m<-- GET /wd/hub/session/e6006210-51b4-44d8-84e0-a28780f7d0e9/element/00000000-0000-00ad-ffff-ffff00000328/location [39m[32m200[39m [90m24 ms - 79[39m
[35m[HTTP][39m [90m[39m
[35m[HTTP][39m [37m-->[39m [37mPOST[39m [37m/wd/hub/session/e6006210-51b4-44d8-84e0-a28780f7d0e9/element/00000000-0000-00ad-ffff-ffff00000328/click[39m
[35m[HTTP][39m [90m{"id":"00000000-0000-00ad-ffff-ffff00000328"}[39m
[35m[HTTP][39m [37m<-- POST /wd/hub/session/e6006210-51b4-44d8-84e0-a28780f7d0e9/element/00000000-0000-00ad-ffff-ffff00000328/click [39m[32m200[39m [90m1178 ms - 14[39m
[35m[HTTP][39m [90m[39m
[35m[HTTP][39m [37m-->[39m [37mGET[39m [37m/wd/hub/session/e6006210-51b4-44d8-84e0-a28780f7d0e9/source[39m
[35m[HTTP][39m [90m{}[39m
[35m[W3C (e6006210)][39m Driver proxy active, passing request on via HTTP proxy
[35m[WD Proxy][39m Replacing sessionId 43238f29-3c31-44ef-a313-20d8eac606ac with e6006210-51b4-44d8-84e0-a28780f7d0e9
[35m[HTTP][39m [37m<-- GET /wd/hub/session/e6006210-51b4-44d8-84e0-a28780f7d0e9/source [39m[32m200[39m [90m64 ms - 6949[39m
[35m[HTTP][39m [90m[39m
[35m[HTTP][39m [37m-->[39m [37mGET[39m [37m/wd/hub/session/e6006210-51b4-44d8-84e0-a28780f7d0e9/screenshot[39m
[35m[HTTP][39m [90m{}[39m
[35m[HTTP][39m [37m<-- GET /wd/hub/session/e6006210-51b4-44d8-84e0-a28780f7d0e9/screenshot [39m[32m200[39m [90m614 ms - 170726[39m
[35m[HTTP][39m [90m[39m
[35m[HTTP][39m [37m-->[39m [37mPOST[39m [37m/wd/hub/session/e6006210-51b4-44d8-84e0-a28780f7d0e9/elements[39m
[35m[HTTP][39m [90m{"using":"xpath","value":"//*[@class = 'android.widget.Button' and (@text = 'OK' or . = 'OK') and @resource-id = 'android:id/button1']"}[39m
[35m[HTTP][39m [37m<-- POST /wd/hub/session/e6006210-51b4-44d8-84e0-a28780f7d0e9/elements [39m[32m200[39m [90m109 ms - 139[39m
[35m[HTTP][39m [90m[39m
[35m[HTTP][39m [37m-->[39m [37mGET[39m [37m/wd/hub/session/e6006210-51b4-44d8-84e0-a28780f7d0e9/window/rect[39m
[35m[HTTP][39m [90m{}[39m
[35m[HTTP][39m [37m<-- GET /wd/hub/session/e6006210-51b4-44d8-84e0-a28780f7d0e9/window/rect [39m[32m200[39m [90m14 ms - 50[39m
[35m[HTTP][39m [90m[39m
[35m[HTTP][39m [37m-->[39m [37mPOST[39m [37m/wd/hub/session/e6006210-51b4-44d8-84e0-a28780f7d0e9/elements[39m
[35m[HTTP][39m [90m{"using":"xpath","value":"//*[@class = 'android.widget.Button' and (@text = 'OK' or . = 'OK') and @resource-id = 'android:id/button1']"}[39m
[35m[HTTP][39m [37m<-- POST /wd/hub/session/e6006210-51b4-44d8-84e0-a28780f7d0e9/elements [39m[32m200[39m [90m99 ms - 139[39m
[35m[HTTP][39m [90m[39m
[35m[HTTP][39m [37m-->[39m [37mGET[39m [37m/wd/hub/session/e6006210-51b4-44d8-84e0-a28780f7d0e9/element/00000000-0000-00ae-ffff-ffff00000367/location[39m
[35m[HTTP][39m [90m{}[39m
[35m[W3C (e6006210)][39m Driver proxy active, passing request on via HTTP proxy
[35m[WD Proxy][39m Replacing sessionId 43238f29-3c31-44ef-a313-20d8eac606ac with e6006210-51b4-44d8-84e0-a28780f7d0e9
[35m[HTTP][39m [37m<-- GET /wd/hub/session/e6006210-51b4-44d8-84e0-a28780f7d0e9/element/00000000-0000-00ae-ffff-ffff00000367/location [39m[32m200[39m [90m27 ms - 79[39m
[35m[HTTP][39m [90m[39m
[35m[HTTP][39m [37m-->[39m [37mPOST[39m [37m/wd/hub/session/e6006210-51b4-44d8-84e0-a28780f7d0e9/element/00000000-0000-00ae-ffff-ffff00000367/click[39m
[35m[HTTP][39m [90m{"id":"00000000-0000-00ae-ffff-ffff00000367"}[39m
[35m[HTTP][39m [37m<-- POST /wd/hub/session/e6006210-51b4-44d8-84e0-a28780f7d0e9/element/00000000-0000-00ae-ffff-ffff00000367/click [39m[32m200[39m [90m73 ms - 14[39m
[35m[HTTP][39m [90m[39m
[35m[HTTP][39m [37m-->[39m [37mGET[39m [37m/wd/hub/session/e6006210-51b4-44d8-84e0-a28780f7d0e9/source[39m
[35m[HTTP][39m [90m{}[39m
[35m[W3C (e6006210)][39m Driver proxy active, passing request on via HTTP proxy
[35m[WD Proxy][39m Replacing sessionId 43238f29-3c31-44ef-a313-20d8eac606ac with e6006210-51b4-44d8-84e0-a28780f7d0e9
[35m[HTTP][39m [37m<-- GET /wd/hub/session/e6006210-51b4-44d8-84e0-a28780f7d0e9/source [39m[32m200[39m [90m135 ms - 26819[39m
[35m[HTTP][39m [90m[39m
[35m[HTTP][39m [37m-->[39m [37mGET[39m [37m/wd/hub/session/e6006210-51b4-44d8-84e0-a28780f7d0e9/screenshot[39m
[35m[HTTP][39m [90m{}[39m
[35m[HTTP][39m [37m<-- GET /wd/hub/session/e6006210-51b4-44d8-84e0-a28780f7d0e9/screenshot [39m[32m200[39m [90m606 ms - 165754[39m
[35m[HTTP][39m [90m[39m
[35m[HTTP][39m [37m-->[39m [37mDELETE[39m [37m/wd/hub/session/e6006210-51b4-44d8-84e0-a28780f7d0e9[39m
[35m[HTTP][39m [90m{}[39m
[35m[Appium][39m Removing session e6006210-51b4-44d8-84e0-a28780f7d0e9 from our master session list
[35m[UiAutomator2][39m Restoring hidden api policy to the device default configuration
[35m[HTTP][39m [37m<-- DELETE /wd/hub/session/e6006210-51b4-44d8-84e0-a28780f7d0e9 [39m[32m200[39m [90m561 ms - 14[39m
[35m[HTTP][39m [90m[39m
